<?xml version="1.0" encoding="UTF-8"?>
<!-- Generated by org.testng.reporters.JUnitXMLReporter -->
<testsuite ignored="3" hostname="Rajkumars-MBP" failures="0" tests="1" name="Test1" time="0.027" errors="0" timestamp="2021-06-18T16:41:51 BST">
  <testcase classname="Test.TestNGGroupDemo" name="test3" time="0.005"/>
  <testcase classname="Test.TestNGGroupDemo" name="test1" time="0.0">
    <ignored/>
  </testcase> <!-- test1 -->
  <testcase classname="Test.TestNGGroupDemo" name="test4" time="0.0">
    <ignored/>
  </testcase> <!-- test4 -->
  <testcase classname="Test.TestNGGroupDemo" name="test2" time="0.0">
    <ignored/>
  </testcase> <!-- test2 -->
</testsuite> <!-- Test1 -->
